<?xml version="1.0" encoding="UTF-8"?>
<testng-results skipped="0" failed="0" ignored="0" total="1" passed="1">
  <reporter-output>
  </reporter-output>
  <suite name="Default suite" duration-ms="24499" started-at="2022-03-26T10:43:45 IST" finished-at="2022-03-26T10:44:09 IST">
    <groups>
    </groups>
    <test name="Default test" duration-ms="24499" started-at="2022-03-26T10:43:45 IST" finished-at="2022-03-26T10:44:09 IST">
      <class name="com.ebanking.master.Sgrid">
        <test-method status="PASS" signature="Gd()[pri:0, instance:com.ebanking.master.Sgrid@2b9627bc]" name="Gd" duration-ms="24424" started-at="2022-03-26T10:43:45 IST" finished-at="2022-03-26T10:44:09 IST">
          <reporter-output>
          </reporter-output>
        </test-method> <!-- Gd -->
      </class> <!-- com.ebanking.master.Sgrid -->
    </test> <!-- Default test -->
  </suite> <!-- Default suite -->
</testng-results>
